[debug] [2023-03-26T07:09:29.046Z] ----------------------------------------------------------------------
[debug] [2023-03-26T07:09:29.049Z] Command:       C:\Program Files\nodejs\node.exe C:\Users\NITRO\AppData\Roaming\npm\node_modules\firebase-tools\lib\bin\firebase.js emulators:start --only functions
[debug] [2023-03-26T07:09:29.050Z] CLI Version:   11.25.1
[debug] [2023-03-26T07:09:29.050Z] Platform:      win32
[debug] [2023-03-26T07:09:29.050Z] Node Version:  v16.17.0
[debug] [2023-03-26T07:09:29.051Z] Time:          Sun Mar 26 2023 14:09:29 GMT+0700 (เวลาอินโดจีน)
[debug] [2023-03-26T07:09:29.052Z] ----------------------------------------------------------------------
[debug] 
[debug] [2023-03-26T07:09:29.256Z] > command requires scopes: ["email","openid","https://www.googleapis.com/auth/cloudplatformprojects.readonly","https://www.googleapis.com/auth/firebase","https://www.googleapis.com/auth/cloud-platform"]
[debug] [2023-03-26T07:09:29.257Z] > authorizing via signed-in user (piyachol.ch@kkumail.com)
[info] i  emulators: Starting emulators: functions {"metadata":{"emulator":{"name":"hub"},"message":"Starting emulators: functions"}}
[debug] [2023-03-26T07:09:29.294Z] [logging] Logging Emulator only supports listening on one address (127.0.0.1). Not listening on ::1
[debug] [2023-03-26T07:09:29.295Z] assigned listening specs for emulators {"user":{"hub":[{"address":"127.0.0.1","family":"IPv4","port":4400},{"address":"::1","family":"IPv6","port":4400}],"ui":[{"address":"127.0.0.1","family":"IPv4","port":4000},{"address":"::1","family":"IPv6","port":4000}],"logging":[{"address":"127.0.0.1","family":"IPv4","port":4500}]},"metadata":{"message":"assigned listening specs for emulators"}}
[debug] [2023-03-26T07:09:29.318Z] [hub] writing locator at C:\Users\NITRO\AppData\Local\Temp\hub-gler2-wqhk.json
[debug] [2023-03-26T07:09:29.358Z] [functions] Functions Emulator only supports listening on one address (127.0.0.1). Not listening on ::1
[debug] [2023-03-26T07:09:29.359Z] [eventarc] Eventarc Emulator only supports listening on one address (127.0.0.1). Not listening on ::1
[debug] [2023-03-26T07:09:29.360Z] late-assigned ports for functions and eventarc emulators {"user":{"hub":[{"address":"127.0.0.1","family":"IPv4","port":4400},{"address":"::1","family":"IPv6","port":4400}],"ui":[{"address":"127.0.0.1","family":"IPv4","port":4000},{"address":"::1","family":"IPv6","port":4000}],"logging":[{"address":"127.0.0.1","family":"IPv4","port":4500}],"functions":[{"address":"127.0.0.1","family":"IPv4","port":5001}],"eventarc":[{"address":"127.0.0.1","family":"IPv4","port":9299}]},"metadata":{"message":"late-assigned ports for functions and eventarc emulators"}}
[warn] !  functions: The following emulators are not running, calls to these services from the Functions emulator will affect production: auth, firestore, database, hosting, pubsub, storage {"metadata":{"emulator":{"name":"functions"},"message":"The following emulators are not running, calls to these services from the Functions emulator will affect production: \u001b[1mauth, firestore, database, hosting, pubsub, storage\u001b[22m"}}
[debug] [2023-03-26T07:09:29.392Z] defaultcredentials: writing to file C:\Users\NITRO\AppData\Roaming\firebase\piyachol_ch_kkumail.com_application_default_credentials.json
[debug] [2023-03-26T07:09:29.415Z] Setting GAC to C:\Users\NITRO\AppData\Roaming\firebase\piyachol_ch_kkumail.com_application_default_credentials.json {"metadata":{"emulator":{"name":"functions"},"message":"Setting GAC to C:\\Users\\NITRO\\AppData\\Roaming\\firebase\\piyachol_ch_kkumail.com_application_default_credentials.json"}}
[debug] [2023-03-26T07:09:29.419Z] >>> [apiv2][query] GET https://firebase.googleapis.com/v1beta1/projects/gler2-wqhk/adminSdkConfig [none]
[debug] [2023-03-26T07:09:29.861Z] <<< [apiv2][status] GET https://firebase.googleapis.com/v1beta1/projects/gler2-wqhk/adminSdkConfig 200
[debug] [2023-03-26T07:09:29.862Z] <<< [apiv2][body] GET https://firebase.googleapis.com/v1beta1/projects/gler2-wqhk/adminSdkConfig {"projectId":"gler2-wqhk","databaseURL":"https://gler2-wqhk-default-rtdb.firebaseio.com","storageBucket":"gler2-wqhk.appspot.com"}
[debug] [2023-03-26T07:09:29.891Z] Ignoring unsupported arg: auto_download {"metadata":{"emulator":{"name":"ui"},"message":"Ignoring unsupported arg: auto_download"}}
[debug] [2023-03-26T07:09:29.891Z] Ignoring unsupported arg: port {"metadata":{"emulator":{"name":"ui"},"message":"Ignoring unsupported arg: port"}}
[debug] [2023-03-26T07:09:29.891Z] Starting Emulator UI with command {"binary":"node","args":["C:\\Users\\NITRO\\.cache\\firebase\\emulators\\ui-v1.11.4\\server\\server.js"],"optionalArgs":[],"joinArgs":false} {"metadata":{"emulator":{"name":"ui"},"message":"Starting Emulator UI with command {\"binary\":\"node\",\"args\":[\"C:\\\\Users\\\\NITRO\\\\.cache\\\\firebase\\\\emulators\\\\ui-v1.11.4\\\\server\\\\server.js\"],\"optionalArgs\":[],\"joinArgs\":false}"}}
[info] i  ui: Emulator UI logging to ui-debug.log {"metadata":{"emulator":{"name":"ui"},"message":"Emulator UI logging to \u001b[1mui-debug.log\u001b[22m"}}
[debug] [2023-03-26T07:09:30.108Z] Web / API server started at 127.0.0.1:4000
 {"metadata":{"emulator":{"name":"ui"},"message":"Web / API server started at 127.0.0.1:4000\n"}}
[debug] [2023-03-26T07:09:30.109Z] Web / API server started at ::1:4000
 {"metadata":{"emulator":{"name":"ui"},"message":"Web / API server started at ::1:4000\n"}}
[info] i  functions: Watching "D:\4_2\admin-backend\functions" for Cloud Functions... {"metadata":{"emulator":{"name":"functions"},"message":"Watching \"D:\\4_2\\admin-backend\\functions\" for Cloud Functions..."}}
[debug] [2023-03-26T07:09:30.184Z] Validating nodejs source
[warn] !  functions: Couldn't find firebase-functions package in your source code. Have you run 'npm install'? 
[debug] [2023-03-26T07:09:30.186Z] getFunctionsSDKVersion encountered error:Cannot find module 'firebase-functions'
Require stack:
- C:\Users\NITRO\AppData\Roaming\npm\node_modules\firebase-tools\lib\deploy\functions\runtimes\node\versioning.js
- C:\Users\NITRO\AppData\Roaming\npm\node_modules\firebase-tools\lib\deploy\functions\runtimes\node\index.js
- C:\Users\NITRO\AppData\Roaming\npm\node_modules\firebase-tools\lib\deploy\functions\runtimes\index.js
- C:\Users\NITRO\AppData\Roaming\npm\node_modules\firebase-tools\lib\gcp\cloudfunctions.js
- C:\Users\NITRO\AppData\Roaming\npm\node_modules\firebase-tools\lib\deploy\functions\backend.js
- C:\Users\NITRO\AppData\Roaming\npm\node_modules\firebase-tools\lib\emulator\functionsEmulatorShared.js
- C:\Users\NITRO\AppData\Roaming\npm\node_modules\firebase-tools\lib\emulator\functionsEmulator.js
- C:\Users\NITRO\AppData\Roaming\npm\node_modules\firebase-tools\lib\emulator\controller.js
- C:\Users\NITRO\AppData\Roaming\npm\node_modules\firebase-tools\lib\emulator\commandUtils.js
- C:\Users\NITRO\AppData\Roaming\npm\node_modules\firebase-tools\lib\commands\database-get.js
- C:\Users\NITRO\AppData\Roaming\npm\node_modules\firebase-tools\lib\commands\index.js
- C:\Users\NITRO\AppData\Roaming\npm\node_modules\firebase-tools\lib\index.js
- C:\Users\NITRO\AppData\Roaming\npm\node_modules\firebase-tools\lib\bin\firebase.js {"code":"MODULE_NOT_FOUND","requireStack":["C:\\Users\\NITRO\\AppData\\Roaming\\npm\\node_modules\\firebase-tools\\lib\\deploy\\functions\\runtimes\\node\\versioning.js","C:\\Users\\NITRO\\AppData\\Roaming\\npm\\node_modules\\firebase-tools\\lib\\deploy\\functions\\runtimes\\node\\index.js","C:\\Users\\NITRO\\AppData\\Roaming\\npm\\node_modules\\firebase-tools\\lib\\deploy\\functions\\runtimes\\index.js","C:\\Users\\NITRO\\AppData\\Roaming\\npm\\node_modules\\firebase-tools\\lib\\gcp\\cloudfunctions.js","C:\\Users\\NITRO\\AppData\\Roaming\\npm\\node_modules\\firebase-tools\\lib\\deploy\\functions\\backend.js","C:\\Users\\NITRO\\AppData\\Roaming\\npm\\node_modules\\firebase-tools\\lib\\emulator\\functionsEmulatorShared.js","C:\\Users\\NITRO\\AppData\\Roaming\\npm\\node_modules\\firebase-tools\\lib\\emulator\\functionsEmulator.js","C:\\Users\\NITRO\\AppData\\Roaming\\npm\\node_modules\\firebase-tools\\lib\\emulator\\controller.js","C:\\Users\\NITRO\\AppData\\Roaming\\npm\\node_modules\\firebase-tools\\lib\\emulator\\commandUtils.js","C:\\Users\\NITRO\\AppData\\Roaming\\npm\\node_modules\\firebase-tools\\lib\\commands\\database-get.js","C:\\Users\\NITRO\\AppData\\Roaming\\npm\\node_modules\\firebase-tools\\lib\\commands\\index.js","C:\\Users\\NITRO\\AppData\\Roaming\\npm\\node_modules\\firebase-tools\\lib\\index.js","C:\\Users\\NITRO\\AppData\\Roaming\\npm\\node_modules\\firebase-tools\\lib\\bin\\firebase.js"]}
[debug] [2023-03-26T07:09:30.188Z] checkFunctionsSDKVersion encountered error:Invalid Version:  {}
[debug] [2023-03-26T07:09:30.190Z] > [functions] package.json contents: {
  "name": "functions",
  "description": "Cloud Functions for Firebase",
  "scripts": {
    "serve": "firebase emulators:start --only functions",
    "shell": "firebase functions:shell",
    "start": "npm run shell",
    "deploy": "firebase deploy --only functions",
    "logs": "firebase functions:log"
  },
  "engines": {
    "node": "16"
  },
  "main": "index.js",
  "dependencies": {
    "firebase-admin": "^10.0.2",
    "firebase-functions": "^3.18.0"
  },
  "devDependencies": {
    "firebase-functions-test": "^0.2.0"
  },
  "private": true
}
[debug] [2023-03-26T07:09:30.191Z] Building nodejs source
[debug] [2023-03-26T07:09:30.192Z] Failed to find version of module node: reached end of search path D:\4_2\admin-backend\functions\node_modules
[info] +  functions: Using node@16 from host. 
[debug] [2023-03-26T07:09:30.196Z] Could not parse firebase-functions version '' into semver. Falling back to parseTriggers.
[error] !!  functions: Failed to load function definition from source: FirebaseError: Error parsing triggers: Cannot find module 'firebase-functions'
Require stack:
- D:\4_2\admin-backend\functions\index.js
- C:\Users\NITRO\AppData\Roaming\npm\node_modules\firebase-tools\lib\deploy\functions\runtimes\node\triggerParser.js

Try running "npm install" in your functions directory before deploying. {"metadata":{"emulator":{"name":"functions"},"message":"Failed to load function definition from source: FirebaseError: Error parsing triggers: Cannot find module 'firebase-functions'\nRequire stack:\n- D:\\4_2\\admin-backend\\functions\\index.js\n- C:\\Users\\NITRO\\AppData\\Roaming\\npm\\node_modules\\firebase-tools\\lib\\deploy\\functions\\runtimes\\node\\triggerParser.js\n\nTry running \"npm install\" in your functions directory before deploying."}}
[info] i  functions: Watching "D:\4_2\admin-backend\admin-backend" for Cloud Functions... {"metadata":{"emulator":{"name":"functions"},"message":"Watching \"D:\\4_2\\admin-backend\\admin-backend\" for Cloud Functions..."}}
[debug] [2023-03-26T07:09:30.293Z] Validating nodejs source
[warn] !  functions: package.json indicates an outdated version of firebase-functions. Please upgrade using npm install --save firebase-functions@latest in your functions directory. 
[warn] !  functions: Please note that there will be breaking changes when you upgrade. 
[debug] [2023-03-26T07:09:33.019Z] > [functions] package.json contents: {
  "name": "functions",
  "description": "Cloud Functions for Firebase",
  "scripts": {
    "serve": "firebase emulators:start --only functions",
    "shell": "firebase functions:shell",
    "start": "npm run shell",
    "deploy": "firebase deploy --only functions",
    "logs": "firebase functions:log"
  },
  "engines": {
    "node": "16"
  },
  "main": "index.js",
  "dependencies": {
    "body-parser": "^1.19.1",
    "cors": "^2.8.5",
    "express": "^4.17.2",
    "firebase-admin": "^10.0.2",
    "firebase-functions": "^3.18.0",
    "moment": "^2.29.4"
  },
  "devDependencies": {
    "firebase-functions-test": "^0.2.0"
  },
  "private": true
}
[debug] [2023-03-26T07:09:33.020Z] Building nodejs source
[debug] [2023-03-26T07:09:33.020Z] Failed to find version of module node: reached end of search path D:\4_2\admin-backend\admin-backend\node_modules
[info] +  functions: Using node@16 from host. 
[debug] [2023-03-26T07:09:33.023Z] Could not find functions.yaml. Must use http discovery
[debug] [2023-03-26T07:09:33.037Z] Found firebase-functions binary at 'D:\4_2\admin-backend\admin-backend\node_modules\.bin\firebase-functions'
[debug] [2023-03-26T07:09:33.375Z] Serving at port 8849

[debug] [2023-03-26T07:09:33.521Z] Got response from /__/functions.yaml {"endpoints":{"adminbackend":{"platform":"gcfv1","httpsTrigger":{},"entryPoint":"adminbackend"}},"specVersion":"v1alpha1","requiredAPIs":[]}
[debug] [2023-03-26T07:09:33.533Z] shutdown requested via /__/quitquitquit

[info] +  functions: Loaded functions definitions from source: adminbackend. {"metadata":{"emulator":{"name":"functions"},"message":"Loaded functions definitions from source: adminbackend."}}
[info] +  functions[us-central1-adminbackend]: http function initialized (http://127.0.0.1:5001/gler2-wqhk/us-central1/adminbackend). {"metadata":{"emulator":{"name":"functions"},"message":"\u001b[1mhttp\u001b[22m function initialized (http://127.0.0.1:5001/gler2-wqhk/us-central1/adminbackend)."}}
[info] i  functions: Watching "D:\4_2\admin-backend\dialogflow" for Cloud Functions... {"metadata":{"emulator":{"name":"functions"},"message":"Watching \"D:\\4_2\\admin-backend\\dialogflow\" for Cloud Functions..."}}
[debug] [2023-03-26T07:09:33.551Z] Validating nodejs source
[warn] !  functions: Couldn't find firebase-functions package in your source code. Have you run 'npm install'? 
[debug] [2023-03-26T07:09:33.552Z] getFunctionsSDKVersion encountered error:Cannot find module 'firebase-functions'
Require stack:
- C:\Users\NITRO\AppData\Roaming\npm\node_modules\firebase-tools\lib\deploy\functions\runtimes\node\versioning.js
- C:\Users\NITRO\AppData\Roaming\npm\node_modules\firebase-tools\lib\deploy\functions\runtimes\node\index.js
- C:\Users\NITRO\AppData\Roaming\npm\node_modules\firebase-tools\lib\deploy\functions\runtimes\index.js
- C:\Users\NITRO\AppData\Roaming\npm\node_modules\firebase-tools\lib\gcp\cloudfunctions.js
- C:\Users\NITRO\AppData\Roaming\npm\node_modules\firebase-tools\lib\deploy\functions\backend.js
- C:\Users\NITRO\AppData\Roaming\npm\node_modules\firebase-tools\lib\emulator\functionsEmulatorShared.js
- C:\Users\NITRO\AppData\Roaming\npm\node_modules\firebase-tools\lib\emulator\functionsEmulator.js
- C:\Users\NITRO\AppData\Roaming\npm\node_modules\firebase-tools\lib\emulator\controller.js
- C:\Users\NITRO\AppData\Roaming\npm\node_modules\firebase-tools\lib\emulator\commandUtils.js
- C:\Users\NITRO\AppData\Roaming\npm\node_modules\firebase-tools\lib\commands\database-get.js
- C:\Users\NITRO\AppData\Roaming\npm\node_modules\firebase-tools\lib\commands\index.js
- C:\Users\NITRO\AppData\Roaming\npm\node_modules\firebase-tools\lib\index.js
- C:\Users\NITRO\AppData\Roaming\npm\node_modules\firebase-tools\lib\bin\firebase.js {"code":"MODULE_NOT_FOUND","requireStack":["C:\\Users\\NITRO\\AppData\\Roaming\\npm\\node_modules\\firebase-tools\\lib\\deploy\\functions\\runtimes\\node\\versioning.js","C:\\Users\\NITRO\\AppData\\Roaming\\npm\\node_modules\\firebase-tools\\lib\\deploy\\functions\\runtimes\\node\\index.js","C:\\Users\\NITRO\\AppData\\Roaming\\npm\\node_modules\\firebase-tools\\lib\\deploy\\functions\\runtimes\\index.js","C:\\Users\\NITRO\\AppData\\Roaming\\npm\\node_modules\\firebase-tools\\lib\\gcp\\cloudfunctions.js","C:\\Users\\NITRO\\AppData\\Roaming\\npm\\node_modules\\firebase-tools\\lib\\deploy\\functions\\backend.js","C:\\Users\\NITRO\\AppData\\Roaming\\npm\\node_modules\\firebase-tools\\lib\\emulator\\functionsEmulatorShared.js","C:\\Users\\NITRO\\AppData\\Roaming\\npm\\node_modules\\firebase-tools\\lib\\emulator\\functionsEmulator.js","C:\\Users\\NITRO\\AppData\\Roaming\\npm\\node_modules\\firebase-tools\\lib\\emulator\\controller.js","C:\\Users\\NITRO\\AppData\\Roaming\\npm\\node_modules\\firebase-tools\\lib\\emulator\\commandUtils.js","C:\\Users\\NITRO\\AppData\\Roaming\\npm\\node_modules\\firebase-tools\\lib\\commands\\database-get.js","C:\\Users\\NITRO\\AppData\\Roaming\\npm\\node_modules\\firebase-tools\\lib\\commands\\index.js","C:\\Users\\NITRO\\AppData\\Roaming\\npm\\node_modules\\firebase-tools\\lib\\index.js","C:\\Users\\NITRO\\AppData\\Roaming\\npm\\node_modules\\firebase-tools\\lib\\bin\\firebase.js"]}
[debug] [2023-03-26T07:09:33.553Z] checkFunctionsSDKVersion encountered error:Invalid Version:  {}
[debug] [2023-03-26T07:09:33.553Z] > [functions] package.json contents: {
  "name": "functions",
  "description": "Cloud Functions for Firebase",
  "scripts": {
    "serve": "firebase emulators:start --only functions",
    "shell": "firebase functions:shell",
    "start": "npm run shell",
    "deploy": "firebase deploy --only functions",
    "logs": "firebase functions:log"
  },
  "engines": {
    "node": "16"
  },
  "main": "index.js",
  "dependencies": {
    "actions-on-google": "^2.14.0",
    "axios": "^0.18.1",
    "dialogflow": "^1.2.0",
    "dialogflow-fulfillment": "^0.6.1",
    "firebase-admin": "^10.0.2",
    "firebase-functions": "^3.18.0",
    "moment": "^2.29.4"
  },
  "devDependencies": {
    "firebase-functions-test": "^0.2.0"
  },
  "private": true
}
[debug] [2023-03-26T07:09:33.554Z] Building nodejs source
[debug] [2023-03-26T07:09:33.554Z] Failed to find version of module node: reached end of search path D:\4_2\admin-backend\dialogflow\node_modules
[info] +  functions: Using node@16 from host. 
[debug] [2023-03-26T07:09:33.555Z] Could not parse firebase-functions version '' into semver. Falling back to parseTriggers.
[error] !!  functions: Failed to load function definition from source: FirebaseError: Error parsing triggers: Cannot find module 'firebase-functions'
Require stack:
- D:\4_2\admin-backend\dialogflow\index.js
- C:\Users\NITRO\AppData\Roaming\npm\node_modules\firebase-tools\lib\deploy\functions\runtimes\node\triggerParser.js

Try running "npm install" in your functions directory before deploying. {"metadata":{"emulator":{"name":"functions"},"message":"Failed to load function definition from source: FirebaseError: Error parsing triggers: Cannot find module 'firebase-functions'\nRequire stack:\n- D:\\4_2\\admin-backend\\dialogflow\\index.js\n- C:\\Users\\NITRO\\AppData\\Roaming\\npm\\node_modules\\firebase-tools\\lib\\deploy\\functions\\runtimes\\node\\triggerParser.js\n\nTry running \"npm install\" in your functions directory before deploying."}}
[info] 
┌─────────────────────────────────────────────────────────────┐
│ ✔  All emulators ready! It is now safe to connect your app. │
│ i  View Emulator UI at http://127.0.0.1:4000/               │
└─────────────────────────────────────────────────────────────┘

┌───────────┬────────────────┬─────────────────────────────────┐
│ Emulator  │ Host:Port      │ View in Emulator UI             │
├───────────┼────────────────┼─────────────────────────────────┤
│ Functions │ 127.0.0.1:5001 │ http://127.0.0.1:4000/functions │
└───────────┴────────────────┴─────────────────────────────────┘
  Emulator Hub running at 127.0.0.1:4400
  Other reserved ports: 4500

Issues? Report them at https://github.com/firebase/firebase-tools/issues and attach the *-debug.log files.
 
[debug] [2023-03-30T07:15:08.711Z] ----------------------------------------------------------------------
[debug] [2023-03-30T07:15:08.715Z] Command:       C:\Program Files\nodejs\node.exe C:\Users\NITRO\AppData\Roaming\npm\node_modules\firebase-tools\lib\bin\firebase.js emulators:start --only functions
[debug] [2023-03-30T07:15:08.716Z] CLI Version:   11.25.1
[debug] [2023-03-30T07:15:08.717Z] Platform:      win32
[debug] [2023-03-30T07:15:08.717Z] Node Version:  v16.17.0
[debug] [2023-03-30T07:15:08.719Z] Time:          Thu Mar 30 2023 14:15:08 GMT+0700 (เวลาอินโดจีน)
[debug] [2023-03-30T07:15:08.719Z] ----------------------------------------------------------------------
[debug] 
[debug] [2023-03-30T07:15:08.726Z] >>> [apiv2][query] GET https://firebase-public.firebaseio.com/cli.json [none]
[debug] [2023-03-30T07:15:08.897Z] > command requires scopes: ["email","openid","https://www.googleapis.com/auth/cloudplatformprojects.readonly","https://www.googleapis.com/auth/firebase","https://www.googleapis.com/auth/cloud-platform"]
[debug] [2023-03-30T07:15:08.898Z] > authorizing via signed-in user (piyachol.ch@kkumail.com)
[info] i  emulators: Starting emulators: functions {"metadata":{"emulator":{"name":"hub"},"message":"Starting emulators: functions"}}
[debug] [2023-03-30T07:15:08.920Z] [logging] Logging Emulator only supports listening on one address (127.0.0.1). Not listening on ::1
[warn] !  ui: Emulator UI unable to start on port 4000, starting on 4001 instead. {"metadata":{"emulator":{"name":"ui"},"message":"Emulator UI unable to start on port 4000, starting on 4001 instead."}}
[debug] [2023-03-30T07:15:08.923Z] assigned listening specs for emulators {"user":{"hub":[{"address":"127.0.0.1","family":"IPv4","port":4400},{"address":"::1","family":"IPv6","port":4400}],"logging":[{"address":"127.0.0.1","family":"IPv4","port":4500}],"ui":[{"address":"127.0.0.1","family":"IPv4","port":4001},{"address":"::1","family":"IPv6","port":4001}]},"metadata":{"message":"assigned listening specs for emulators"}}
[warn] !  emulators: It seems that you are running multiple instances of the emulator suite for project gler2-wqhk. This may result in unexpected behavior. 
[debug] [2023-03-30T07:15:08.940Z] [hub] writing locator at C:\Users\NITRO\AppData\Local\Temp\hub-gler2-wqhk.json
[warn] !  functions: Port 5001 is not open on localhost (127.0.0.1), could not start Functions Emulator. {"metadata":{"emulator":{"name":"functions"},"message":"Port 5001 is not open on localhost (127.0.0.1), could not start Functions Emulator."}}
[warn] !  functions: To select a different host/port, specify that host/port in a firebase.json config file:
      {
        // ...
        "emulators": {
          "functions": {
            "host": "HOST",
            "port": "PORT"
          }
        }
      } {"metadata":{"emulator":{"name":"functions"},"message":"To select a different host/port, specify that host/port in a firebase.json config file:\n      {\n        // ...\n        \"emulators\": {\n          \"functions\": {\n            \"host\": \"\u001b[33mHOST\u001b[39m\",\n            \"port\": \"\u001b[33mPORT\u001b[39m\"\n          }\n        }\n      }"}}
[debug] [2023-03-30T07:15:08.991Z] [eventarc] Eventarc Emulator only supports listening on one address (127.0.0.1). Not listening on ::1
[info] i  emulators: Shutting down emulators. {"metadata":{"emulator":{"name":"hub"},"message":"Shutting down emulators."}}
[info] i  hub: Stopping emulator hub {"metadata":{"emulator":{"name":"hub"},"message":"Stopping emulator hub"}}
[debug] [2023-03-30T07:15:09.953Z] <<< [apiv2][status] GET https://firebase-public.firebaseio.com/cli.json 200
[debug] [2023-03-30T07:15:09.953Z] <<< [apiv2][body] GET https://firebase-public.firebaseio.com/cli.json {"cloudBuildErrorAfter":1594252800000,"cloudBuildWarnAfter":1590019200000,"defaultNode10After":1594252800000,"minVersion":"3.0.5","node8DeploysDisabledAfter":1613390400000,"node8RuntimeDisabledAfter":1615809600000,"node8WarnAfter":1600128000000}
[debug] [2023-03-30T07:15:14.011Z] Error: Timed out.
    at Timeout._onTimeout (C:\Users\NITRO\AppData\Roaming\npm\node_modules\firebase-tools\lib\utils.js:253:49)
    at listOnTimeout (node:internal/timers:559:17)
    at processTimers (node:internal/timers:502:7)
[error] 
[error] Error: An unexpected error has occurred.
